20-Jun-2022 13:18:26.751 INFO [main] org.apache.catalina.startup.VersionLoggerListener.log Server version name:   Apache Tomcat/9.0.46
20-Jun-2022 13:18:26.773 INFO [main] org.apache.catalina.startup.VersionLoggerListener.log Server built:          May 8 2021 17:35:52 UTC
20-Jun-2022 13:18:26.773 INFO [main] org.apache.catalina.startup.VersionLoggerListener.log Server version number: 9.0.46.0
20-Jun-2022 13:18:26.773 INFO [main] org.apache.catalina.startup.VersionLoggerListener.log OS Name:               Linux
20-Jun-2022 13:18:26.773 INFO [main] org.apache.catalina.startup.VersionLoggerListener.log OS Version:            5.13.0-48-generic
20-Jun-2022 13:18:26.773 INFO [main] org.apache.catalina.startup.VersionLoggerListener.log Architecture:          amd64
20-Jun-2022 13:18:26.773 INFO [main] org.apache.catalina.startup.VersionLoggerListener.log Java Home:             /opt/dev/jdk1.8.0_251/jre
20-Jun-2022 13:18:26.773 INFO [main] org.apache.catalina.startup.VersionLoggerListener.log JVM Version:           1.8.0_251-b08
20-Jun-2022 13:18:26.773 INFO [main] org.apache.catalina.startup.VersionLoggerListener.log JVM Vendor:            Oracle Corporation
20-Jun-2022 13:18:26.773 INFO [main] org.apache.catalina.startup.VersionLoggerListener.log CATALINA_BASE:         /home/vastpro/javatraining/Demo/apache-tomcat-9.0.46
20-Jun-2022 13:18:26.773 INFO [main] org.apache.catalina.startup.VersionLoggerListener.log CATALINA_HOME:         /home/vastpro/javatraining/Demo/apache-tomcat-9.0.46
20-Jun-2022 13:18:26.804 INFO [main] org.apache.catalina.startup.VersionLoggerListener.log Command line argument: -Djava.util.logging.config.file=/home/vastpro/javatraining/Demo/apache-tomcat-9.0.46/conf/logging.properties
20-Jun-2022 13:18:26.804 INFO [main] org.apache.catalina.startup.VersionLoggerListener.log Command line argument: -Djava.util.logging.manager=org.apache.juli.ClassLoaderLogManager
20-Jun-2022 13:18:26.804 INFO [main] org.apache.catalina.startup.VersionLoggerListener.log Command line argument: -Djdk.tls.ephemeralDHKeySize=2048
20-Jun-2022 13:18:26.804 INFO [main] org.apache.catalina.startup.VersionLoggerListener.log Command line argument: -Djava.protocol.handler.pkgs=org.apache.catalina.webresources
20-Jun-2022 13:18:26.804 INFO [main] org.apache.catalina.startup.VersionLoggerListener.log Command line argument: -Dorg.apache.catalina.security.SecurityListener.UMASK=0027
20-Jun-2022 13:18:26.804 INFO [main] org.apache.catalina.startup.VersionLoggerListener.log Command line argument: -Dignore.endorsed.dirs=
20-Jun-2022 13:18:26.804 INFO [main] org.apache.catalina.startup.VersionLoggerListener.log Command line argument: -Dcatalina.base=/home/vastpro/javatraining/Demo/apache-tomcat-9.0.46
20-Jun-2022 13:18:26.805 INFO [main] org.apache.catalina.startup.VersionLoggerListener.log Command line argument: -Dcatalina.home=/home/vastpro/javatraining/Demo/apache-tomcat-9.0.46
20-Jun-2022 13:18:26.805 INFO [main] org.apache.catalina.startup.VersionLoggerListener.log Command line argument: -Djava.io.tmpdir=/home/vastpro/javatraining/Demo/apache-tomcat-9.0.46/temp
20-Jun-2022 13:18:26.806 INFO [main] org.apache.catalina.core.AprLifecycleListener.lifecycleEvent The Apache Tomcat Native library which allows using OpenSSL was not found on the java.library.path: [/usr/java/packages/lib/amd64:/usr/lib64:/lib64:/lib:/usr/lib]
20-Jun-2022 13:18:27.167 INFO [main] org.apache.coyote.AbstractProtocol.init Initializing ProtocolHandler ["http-nio-8080"]
20-Jun-2022 13:18:27.192 SEVERE [main] org.apache.catalina.util.LifecycleBase.handleSubClassException Failed to initialize component [Connector[HTTP/1.1-8080]]
	org.apache.catalina.LifecycleException: Protocol handler initialization failed
		at org.apache.catalina.connector.Connector.initInternal(Connector.java:1049)
		at org.apache.catalina.util.LifecycleBase.init(LifecycleBase.java:136)
		at org.apache.catalina.core.StandardService.initInternal(StandardService.java:556)
		at org.apache.catalina.util.LifecycleBase.init(LifecycleBase.java:136)
		at org.apache.catalina.core.StandardServer.initInternal(StandardServer.java:1045)
		at org.apache.catalina.util.LifecycleBase.init(LifecycleBase.java:136)
		at org.apache.catalina.startup.Catalina.load(Catalina.java:724)
		at org.apache.catalina.startup.Catalina.load(Catalina.java:746)
		at sun.reflect.NativeMethodAccessorImpl.invoke0(Native Method)
		at sun.reflect.NativeMethodAccessorImpl.invoke(NativeMethodAccessorImpl.java:62)
		at sun.reflect.DelegatingMethodAccessorImpl.invoke(DelegatingMethodAccessorImpl.java:43)
		at java.lang.reflect.Method.invoke(Method.java:498)
		at org.apache.catalina.startup.Bootstrap.load(Bootstrap.java:302)
		at org.apache.catalina.startup.Bootstrap.main(Bootstrap.java:472)
	Caused by: java.net.BindException: Address already in use
		at sun.nio.ch.Net.bind0(Native Method)
		at sun.nio.ch.Net.bind(Net.java:433)
		at sun.nio.ch.Net.bind(Net.java:425)
		at sun.nio.ch.ServerSocketChannelImpl.bind(ServerSocketChannelImpl.java:223)
		at org.apache.tomcat.util.net.NioEndpoint.initServerSocket(NioEndpoint.java:300)
		at org.apache.tomcat.util.net.NioEndpoint.bind(NioEndpoint.java:253)
		at org.apache.tomcat.util.net.AbstractEndpoint.bindWithCleanup(AbstractEndpoint.java:1204)
		at org.apache.tomcat.util.net.AbstractEndpoint.init(AbstractEndpoint.java:1217)
		at org.apache.coyote.AbstractProtocol.init(AbstractProtocol.java:603)
		at org.apache.coyote.http11.AbstractHttp11Protocol.init(AbstractHttp11Protocol.java:80)
		at org.apache.catalina.connector.Connector.initInternal(Connector.java:1046)
		... 13 more
20-Jun-2022 13:18:27.193 INFO [main] org.apache.catalina.startup.Catalina.load Server initialization in [618] milliseconds
20-Jun-2022 13:18:27.207 INFO [main] org.apache.catalina.core.StandardService.startInternal Starting service [Catalina]
20-Jun-2022 13:18:27.207 INFO [main] org.apache.catalina.core.StandardEngine.startInternal Starting Servlet engine: [Apache Tomcat/9.0.46]
20-Jun-2022 13:18:27.228 INFO [main] org.apache.catalina.startup.HostConfig.deployWAR Deploying web application archive [/home/vastpro/javatraining/Demo/apache-tomcat-9.0.46/webapps/jstl_session_handling.war]
20-Jun-2022 13:18:27.513 INFO [main] org.apache.catalina.startup.HostConfig.deployWAR Deployment of web application archive [/home/vastpro/javatraining/Demo/apache-tomcat-9.0.46/webapps/jstl_session_handling.war] has finished in [284] ms
20-Jun-2022 13:18:27.514 INFO [main] org.apache.catalina.startup.HostConfig.deployDirectory Deploying web application directory [/home/vastpro/javatraining/Demo/apache-tomcat-9.0.46/webapps/examples]
20-Jun-2022 13:18:27.744 INFO [main] org.apache.catalina.startup.HostConfig.deployDirectory Deployment of web application directory [/home/vastpro/javatraining/Demo/apache-tomcat-9.0.46/webapps/examples] has finished in [231] ms
20-Jun-2022 13:18:27.744 INFO [main] org.apache.catalina.startup.HostConfig.deployDirectory Deploying web application directory [/home/vastpro/javatraining/Demo/apache-tomcat-9.0.46/webapps/host-manager]
20-Jun-2022 13:18:27.845 INFO [main] org.apache.catalina.startup.HostConfig.deployDirectory Deployment of web application directory [/home/vastpro/javatraining/Demo/apache-tomcat-9.0.46/webapps/host-manager] has finished in [101] ms
20-Jun-2022 13:18:27.845 INFO [main] org.apache.catalina.startup.HostConfig.deployDirectory Deploying web application directory [/home/vastpro/javatraining/Demo/apache-tomcat-9.0.46/webapps/docs]
20-Jun-2022 13:18:27.910 INFO [main] org.apache.catalina.startup.HostConfig.deployDirectory Deployment of web application directory [/home/vastpro/javatraining/Demo/apache-tomcat-9.0.46/webapps/docs] has finished in [65] ms
20-Jun-2022 13:18:27.910 INFO [main] org.apache.catalina.startup.HostConfig.deployDirectory Deploying web application directory [/home/vastpro/javatraining/Demo/apache-tomcat-9.0.46/webapps/ROOT]
20-Jun-2022 13:18:27.976 INFO [main] org.apache.catalina.startup.HostConfig.deployDirectory Deployment of web application directory [/home/vastpro/javatraining/Demo/apache-tomcat-9.0.46/webapps/ROOT] has finished in [66] ms
20-Jun-2022 13:18:27.976 INFO [main] org.apache.catalina.startup.HostConfig.deployDirectory Deploying web application directory [/home/vastpro/javatraining/Demo/apache-tomcat-9.0.46/webapps/manager]
20-Jun-2022 13:18:28.145 INFO [main] org.apache.catalina.startup.HostConfig.deployDirectory Deployment of web application directory [/home/vastpro/javatraining/Demo/apache-tomcat-9.0.46/webapps/manager] has finished in [169] ms
20-Jun-2022 13:18:28.147 INFO [main] org.apache.catalina.startup.Catalina.start Server startup in [953] milliseconds
20-Jun-2022 13:18:28.148 SEVERE [main] org.apache.catalina.core.StandardServer.await Failed to create server shutdown socket on address [localhost] and port [8005] (base port [8005] and offset [0])
	java.net.BindException: Address already in use (Bind failed)
		at java.net.PlainSocketImpl.socketBind(Native Method)
		at java.net.AbstractPlainSocketImpl.bind(AbstractPlainSocketImpl.java:387)
		at java.net.ServerSocket.bind(ServerSocket.java:375)
		at java.net.ServerSocket.<init>(ServerSocket.java:237)
		at org.apache.catalina.core.StandardServer.await(StandardServer.java:584)
		at org.apache.catalina.startup.Catalina.await(Catalina.java:864)
		at org.apache.catalina.startup.Catalina.start(Catalina.java:810)
		at sun.reflect.NativeMethodAccessorImpl.invoke0(Native Method)
		at sun.reflect.NativeMethodAccessorImpl.invoke(NativeMethodAccessorImpl.java:62)
		at sun.reflect.DelegatingMethodAccessorImpl.invoke(DelegatingMethodAccessorImpl.java:43)
		at java.lang.reflect.Method.invoke(Method.java:498)
		at org.apache.catalina.startup.Bootstrap.start(Bootstrap.java:342)
		at org.apache.catalina.startup.Bootstrap.main(Bootstrap.java:473)
20-Jun-2022 13:18:28.148 INFO [main] org.apache.coyote.AbstractProtocol.pause Pausing ProtocolHandler ["http-nio-8080"]
20-Jun-2022 13:18:28.149 INFO [main] org.apache.catalina.core.StandardService.stopInternal Stopping service [Catalina]
20-Jun-2022 13:18:28.159 INFO [main] org.apache.coyote.AbstractProtocol.stop Stopping ProtocolHandler ["http-nio-8080"]
20-Jun-2022 13:18:28.160 INFO [main] org.apache.coyote.AbstractProtocol.destroy Destroying ProtocolHandler ["http-nio-8080"]
20-Jun-2022 14:30:28.604 INFO [main] org.apache.catalina.startup.VersionLoggerListener.log Server version name:   Apache Tomcat/9.0.46
20-Jun-2022 14:30:28.605 INFO [main] org.apache.catalina.startup.VersionLoggerListener.log Server built:          May 8 2021 17:35:52 UTC
20-Jun-2022 14:30:28.605 INFO [main] org.apache.catalina.startup.VersionLoggerListener.log Server version number: 9.0.46.0
20-Jun-2022 14:30:28.605 INFO [main] org.apache.catalina.startup.VersionLoggerListener.log OS Name:               Linux
20-Jun-2022 14:30:28.605 INFO [main] org.apache.catalina.startup.VersionLoggerListener.log OS Version:            5.13.0-48-generic
20-Jun-2022 14:30:28.605 INFO [main] org.apache.catalina.startup.VersionLoggerListener.log Architecture:          amd64
20-Jun-2022 14:30:28.605 INFO [main] org.apache.catalina.startup.VersionLoggerListener.log Java Home:             /opt/dev/jdk1.8.0_251/jre
20-Jun-2022 14:30:28.605 INFO [main] org.apache.catalina.startup.VersionLoggerListener.log JVM Version:           1.8.0_251-b08
20-Jun-2022 14:30:28.605 INFO [main] org.apache.catalina.startup.VersionLoggerListener.log JVM Vendor:            Oracle Corporation
20-Jun-2022 14:30:28.605 INFO [main] org.apache.catalina.startup.VersionLoggerListener.log CATALINA_BASE:         /home/vastpro/javatraining/Demo/apache-tomcat-9.0.46
20-Jun-2022 14:30:28.605 INFO [main] org.apache.catalina.startup.VersionLoggerListener.log CATALINA_HOME:         /home/vastpro/javatraining/Demo/apache-tomcat-9.0.46
20-Jun-2022 14:30:28.606 INFO [main] org.apache.catalina.startup.VersionLoggerListener.log Command line argument: -Djava.util.logging.config.file=/home/vastpro/javatraining/Demo/apache-tomcat-9.0.46/conf/logging.properties
20-Jun-2022 14:30:28.606 INFO [main] org.apache.catalina.startup.VersionLoggerListener.log Command line argument: -Djava.util.logging.manager=org.apache.juli.ClassLoaderLogManager
20-Jun-2022 14:30:28.606 INFO [main] org.apache.catalina.startup.VersionLoggerListener.log Command line argument: -Djdk.tls.ephemeralDHKeySize=2048
20-Jun-2022 14:30:28.606 INFO [main] org.apache.catalina.startup.VersionLoggerListener.log Command line argument: -Djava.protocol.handler.pkgs=org.apache.catalina.webresources
20-Jun-2022 14:30:28.606 INFO [main] org.apache.catalina.startup.VersionLoggerListener.log Command line argument: -Dorg.apache.catalina.security.SecurityListener.UMASK=0027
20-Jun-2022 14:30:28.606 INFO [main] org.apache.catalina.startup.VersionLoggerListener.log Command line argument: -Dignore.endorsed.dirs=
20-Jun-2022 14:30:28.607 INFO [main] org.apache.catalina.startup.VersionLoggerListener.log Command line argument: -Dcatalina.base=/home/vastpro/javatraining/Demo/apache-tomcat-9.0.46
20-Jun-2022 14:30:28.607 INFO [main] org.apache.catalina.startup.VersionLoggerListener.log Command line argument: -Dcatalina.home=/home/vastpro/javatraining/Demo/apache-tomcat-9.0.46
20-Jun-2022 14:30:28.607 INFO [main] org.apache.catalina.startup.VersionLoggerListener.log Command line argument: -Djava.io.tmpdir=/home/vastpro/javatraining/Demo/apache-tomcat-9.0.46/temp
20-Jun-2022 14:30:28.607 INFO [main] org.apache.catalina.core.AprLifecycleListener.lifecycleEvent The Apache Tomcat Native library which allows using OpenSSL was not found on the java.library.path: [/usr/java/packages/lib/amd64:/usr/lib64:/lib64:/lib:/usr/lib]
20-Jun-2022 14:30:28.779 INFO [main] org.apache.coyote.AbstractProtocol.init Initializing ProtocolHandler ["http-nio-8080"]
20-Jun-2022 14:30:28.788 INFO [main] org.apache.catalina.startup.Catalina.load Server initialization in [271] milliseconds
20-Jun-2022 14:30:28.839 INFO [main] org.apache.catalina.core.StandardService.startInternal Starting service [Catalina]
20-Jun-2022 14:30:28.839 INFO [main] org.apache.catalina.core.StandardEngine.startInternal Starting Servlet engine: [Apache Tomcat/9.0.46]
20-Jun-2022 14:30:28.848 INFO [main] org.apache.catalina.startup.HostConfig.deployWAR Deploying web application archive [/home/vastpro/javatraining/Demo/apache-tomcat-9.0.46/webapps/jstl_session_handling.war]
20-Jun-2022 14:30:29.033 INFO [main] org.apache.catalina.startup.HostConfig.deployWAR Deployment of web application archive [/home/vastpro/javatraining/Demo/apache-tomcat-9.0.46/webapps/jstl_session_handling.war] has finished in [184] ms
20-Jun-2022 14:30:29.033 INFO [main] org.apache.catalina.startup.HostConfig.deployDirectory Deploying web application directory [/home/vastpro/javatraining/Demo/apache-tomcat-9.0.46/webapps/examples]
20-Jun-2022 14:30:29.164 INFO [main] org.apache.catalina.startup.HostConfig.deployDirectory Deployment of web application directory [/home/vastpro/javatraining/Demo/apache-tomcat-9.0.46/webapps/examples] has finished in [131] ms
20-Jun-2022 14:30:29.165 INFO [main] org.apache.catalina.startup.HostConfig.deployDirectory Deploying web application directory [/home/vastpro/javatraining/Demo/apache-tomcat-9.0.46/webapps/host-manager]
20-Jun-2022 14:30:29.234 INFO [main] org.apache.catalina.startup.HostConfig.deployDirectory Deployment of web application directory [/home/vastpro/javatraining/Demo/apache-tomcat-9.0.46/webapps/host-manager] has finished in [69] ms
20-Jun-2022 14:30:29.234 INFO [main] org.apache.catalina.startup.HostConfig.deployDirectory Deploying web application directory [/home/vastpro/javatraining/Demo/apache-tomcat-9.0.46/webapps/docs]
20-Jun-2022 14:30:29.280 INFO [main] org.apache.catalina.startup.HostConfig.deployDirectory Deployment of web application directory [/home/vastpro/javatraining/Demo/apache-tomcat-9.0.46/webapps/docs] has finished in [46] ms
20-Jun-2022 14:30:29.280 INFO [main] org.apache.catalina.startup.HostConfig.deployDirectory Deploying web application directory [/home/vastpro/javatraining/Demo/apache-tomcat-9.0.46/webapps/ROOT]
20-Jun-2022 14:30:29.331 INFO [main] org.apache.catalina.startup.HostConfig.deployDirectory Deployment of web application directory [/home/vastpro/javatraining/Demo/apache-tomcat-9.0.46/webapps/ROOT] has finished in [51] ms
20-Jun-2022 14:30:29.331 INFO [main] org.apache.catalina.startup.HostConfig.deployDirectory Deploying web application directory [/home/vastpro/javatraining/Demo/apache-tomcat-9.0.46/webapps/manager]
20-Jun-2022 14:30:29.382 INFO [main] org.apache.catalina.startup.HostConfig.deployDirectory Deployment of web application directory [/home/vastpro/javatraining/Demo/apache-tomcat-9.0.46/webapps/manager] has finished in [51] ms
20-Jun-2022 14:30:29.386 INFO [main] org.apache.coyote.AbstractProtocol.start Starting ProtocolHandler ["http-nio-8080"]
20-Jun-2022 14:30:29.394 INFO [main] org.apache.catalina.startup.Catalina.start Server startup in [606] milliseconds
20-Jun-2022 14:32:31.324 INFO [main] org.apache.catalina.core.StandardServer.await A valid shutdown command was received via the shutdown port. Stopping the Server instance.
20-Jun-2022 14:32:31.324 INFO [main] org.apache.coyote.AbstractProtocol.pause Pausing ProtocolHandler ["http-nio-8080"]
20-Jun-2022 14:32:31.330 INFO [main] org.apache.catalina.core.StandardService.stopInternal Stopping service [Catalina]
20-Jun-2022 14:32:31.344 INFO [main] org.apache.coyote.AbstractProtocol.stop Stopping ProtocolHandler ["http-nio-8080"]
20-Jun-2022 14:32:31.377 INFO [main] org.apache.coyote.AbstractProtocol.destroy Destroying ProtocolHandler ["http-nio-8080"]
